Connecting to database specified by database.yml
Compiled jquery.js  (1ms)  (pid 95899)
Compiled jquery_ujs.js  (0ms)  (pid 95899)
Compiled boards.js  (69ms)  (pid 95899)
Compiled categories.js  (75ms)  (pid 95899)
Compiled comments.js  (50ms)  (pid 95899)
Compiled comments/create.js  (0ms)  (pid 95899)
Compiled countries.js  (50ms)  (pid 95899)
Compiled currencies.js  (46ms)  (pid 95899)
Compiled homes.js  (74ms)  (pid 95899)
Compiled jquery-ui.js  (2ms)  (pid 95899)
Compiled jquery.modal.js  (3ms)  (pid 95899)
Compiled jquery.wookmark.js  (0ms)  (pid 95899)
Compiled modal.js  (0ms)  (pid 95899)
Compiled puns.js  (46ms)  (pid 95899)
Compiled states.js  (46ms)  (pid 95899)
Compiled users.js  (47ms)  (pid 95899)
Compiled application.js  (624ms)  (pid 95899)
Compiled board.css  (21ms)  (pid 95899)
Compiled boards.css  (15ms)  (pid 95899)
Compiled colors.css  (2ms)  (pid 95899)
Compiled currencies.css  (0ms)  (pid 95899)
Compiled devisethings.css  (27ms)  (pid 95899)
Compiled fonts.css  (20ms)  (pid 95899)
Compiled homes.css  (8ms)  (pid 95899)
Compiled items.css  (26ms)  (pid 95899)
Compiled jquery.modal.css  (0ms)  (pid 95899)
Compiled mixins.css  (9ms)  (pid 95899)
Compiled modals.css  (67ms)  (pid 95899)
Compiled puns.css  (88ms)  (pid 95899)
Compiled puns_else_where.css  (12ms)  (pid 95899)
Compiled repunners_puns.css  (2ms)  (pid 95899)
Compiled scaffolds.css  (30ms)  (pid 95899)
Compiled users.css  (36ms)  (pid 95899)
Compiled application.css  (431ms)  (pid 95899)
Connecting to database specified by database.yml
Compiled jquery.js  (29ms)  (pid 95899)
Compiled jquery_ujs.js  (0ms)  (pid 95899)
Compiled boards.js  (80ms)  (pid 95899)
Compiled categories.js  (82ms)  (pid 95899)
Compiled comments.js  (50ms)  (pid 95899)
Compiled comments/create.js  (0ms)  (pid 95899)
Compiled countries.js  (51ms)  (pid 95899)
Compiled currencies.js  (83ms)  (pid 95899)
Compiled homes.js  (52ms)  (pid 95899)
Compiled jquery-ui.js  (2ms)  (pid 95899)
Compiled jquery.modal.js  (4ms)  (pid 95899)
Compiled jquery.wookmark.js  (0ms)  (pid 95899)
Compiled modal.js  (0ms)  (pid 95899)
Compiled puns.js  (53ms)  (pid 95899)
Compiled states.js  (49ms)  (pid 95899)
Compiled users.js  (52ms)  (pid 95899)
Compiled application.js  (693ms)  (pid 95899)
